[debug] [2017-09-05T10:36:07.863Z] ----------------------------------------------------------------------
[debug] [2017-09-05T10:36:07.879Z] Command:       C:\Program Files\nodejs\node.exe C:\Users\qba\AppData\Roaming\npm\node_modules\firebase-tools\bin\firebase deploy --only functions
[debug] [2017-09-05T10:36:07.879Z] CLI Version:   3.10.0
[debug] [2017-09-05T10:36:07.879Z] Platform:      win32
[debug] [2017-09-05T10:36:07.879Z] Node Version:  v8.0.0
[debug] [2017-09-05T10:36:07.879Z] Time:          Tue Sep 05 2017 12:36:07 GMT+0200 (Środkowoeuropejski czas letni)
[debug] [2017-09-05T10:36:07.879Z] ----------------------------------------------------------------------
[debug] 
[debug] [2017-09-05T10:36:07.879Z] > command requires scopes: ["email","openid","https://www.googleapis.com/auth/cloudplatformprojects.readonly","https://www.googleapis.com/auth/firebase","https://www.googleapis.com/auth/cloud-platform"]
[debug] [2017-09-05T10:36:07.879Z] > authorizing via signed-in user
[debug] [2017-09-05T10:36:07.879Z] >>> HTTP REQUEST GET https://admin.firebase.com/v1/projects/friendlychat-web-c0bfc  
 Tue Sep 05 2017 12:36:07 GMT+0200 (Środkowoeuropejski czas letni)
[debug] [2017-09-05T10:36:08.620Z] <<< HTTP RESPONSE 200
[debug] [2017-09-05T10:36:08.620Z] >>> HTTP REQUEST GET https://admin.firebase.com/v1/database/friendlychat-web-c0bfc/tokens  
 Tue Sep 05 2017 12:36:08 GMT+0200 (Środkowoeuropejski czas letni)
[debug] [2017-09-05T10:36:09.264Z] <<< HTTP RESPONSE 200
[info] 
[info] === Deploying to 'friendlychat-web-c0bfc'...
[info] 
[info] i  deploying functions
[debug] [2017-09-05T10:36:10.538Z] > [functions] package.json contents: {
  "name": "friendlychat-codelab",
  "description": "Firebase SDK for Cloud Functions codelab",
  "dependencies": {
    "firebase-admin": "^4.1.1",
    "firebase-functions": "^0.5.1"
  }
}
[info] i  functions: ensuring necessary APIs are enabled...
[info] i  runtimeconfig: ensuring necessary APIs are enabled...
[debug] [2017-09-05T10:36:10.538Z] >>> HTTP REQUEST GET https://servicemanagement.googleapis.com/v1/services/cloudfunctions.googleapis.com/projectSettings/friendlychat-web-c0bfc?view=CONSUMER_VIEW  
 Tue Sep 05 2017 12:36:10 GMT+0200 (Środkowoeuropejski czas letni)
[debug] [2017-09-05T10:36:10.538Z] >>> HTTP REQUEST GET https://servicemanagement.googleapis.com/v1/services/runtimeconfig.googleapis.com/projectSettings/friendlychat-web-c0bfc?view=CONSUMER_VIEW  
 Tue Sep 05 2017 12:36:10 GMT+0200 (Środkowoeuropejski czas letni)
[debug] [2017-09-05T10:36:11.840Z] <<< HTTP RESPONSE 200
[info] +  runtimeconfig: all necessary APIs are enabled
[debug] [2017-09-05T10:36:12.072Z] <<< HTTP RESPONSE 200
[info] +  functions: all necessary APIs are enabled
[debug] [2017-09-05T10:36:12.072Z] >>> HTTP REQUEST GET https://appengine.googleapis.com/v1/apps/friendlychat-web-c0bfc  
 Tue Sep 05 2017 12:36:12 GMT+0200 (Środkowoeuropejski czas letni)
[debug] [2017-09-05T10:36:12.072Z] >>> HTTP REQUEST GET https://apikeys.googleapis.com/v1/projects/friendlychat-web-c0bfc/apiKeys  
 Tue Sep 05 2017 12:36:12 GMT+0200 (Środkowoeuropejski czas letni)
[debug] [2017-09-05T10:36:12.942Z] <<< HTTP RESPONSE 200
[debug] [2017-09-05T10:36:13.073Z] <<< HTTP RESPONSE 200
[info] i  functions: preparing functions directory for uploading...
[debug] [2017-09-05T10:36:18.028Z] >>> HTTP REQUEST GET https://runtimeconfig.googleapis.com/v1beta1/projects/friendlychat-web-c0bfc/configs  
 Tue Sep 05 2017 12:36:18 GMT+0200 (Środkowoeuropejski czas letni)
[debug] [2017-09-05T10:36:18.391Z] <<< HTTP RESPONSE 200
[debug] [2017-09-05T10:36:18.676Z] TypeError: Cannot read property 'pipesCount' of undefined
    at module.exports.Readable.pipe (_stream_readable.js:545:16)
    at module.exports.ZipArchiveOutputStream._smartStream (C:\Users\qba\AppData\Roaming\npm\node_modules\firebase-tools\node_modules\compress-commons\lib\archivers\zip\zip-archive-output-stream.js:171:11)
    at module.exports.ZipArchiveOutputStream._appendStream (C:\Users\qba\AppData\Roaming\npm\node_modules\firebase-tools\node_modules\compress-commons\lib\archivers\zip\zip-archive-output-stream.js:94:20)
    at module.exports.ArchiveOutputStream.entry (C:\Users\qba\AppData\Roaming\npm\node_modules\firebase-tools\node_modules\compress-commons\lib\archivers\archive-output-stream.js:89:10)
    at module.exports.ZipStream.entry (C:\Users\qba\AppData\Roaming\npm\node_modules\firebase-tools\node_modules\zip-stream\lib\zip-stream.js:105:49)
    at module.exports.Zip.append (C:\Users\qba\AppData\Roaming\npm\node_modules\firebase-tools\node_modules\archiver\lib\plugins\zip.js:30:15)
    at module.exports.Archiver._moduleAppend (C:\Users\qba\AppData\Roaming\npm\node_modules\firebase-tools\node_modules\archiver\lib\core.js:123:16)
    at module.exports.Archiver._onQueueTask (C:\Users\qba\AppData\Roaming\npm\node_modules\firebase-tools\node_modules\archiver\lib\core.js:246:8)
    at C:\Users\qba\AppData\Roaming\npm\node_modules\firebase-tools\node_modules\archiver\node_modules\async\lib\async.js:945:13
    at Immediate.process [as _onImmediate] (C:\Users\qba\AppData\Roaming\npm\node_modules\firebase-tools\node_modules\archiver\node_modules\async\lib\async.js:913:25)
[error] 
[error] Error: An unexpected error has occurred.
[debug] [2017-09-05T10:36:34.872Z] ----------------------------------------------------------------------
[debug] [2017-09-05T10:36:34.872Z] Command:       C:\Program Files\nodejs\node.exe C:\Users\qba\AppData\Roaming\npm\node_modules\firebase-tools\bin\firebase deploy --only functions
[debug] [2017-09-05T10:36:34.872Z] CLI Version:   3.10.0
[debug] [2017-09-05T10:36:34.872Z] Platform:      win32
[debug] [2017-09-05T10:36:34.872Z] Node Version:  v8.0.0
[debug] [2017-09-05T10:36:34.872Z] Time:          Tue Sep 05 2017 12:36:34 GMT+0200 (Środkowoeuropejski czas letni)
[debug] [2017-09-05T10:36:34.872Z] ----------------------------------------------------------------------
[debug] 
[debug] [2017-09-05T10:36:34.887Z] > command requires scopes: ["email","openid","https://www.googleapis.com/auth/cloudplatformprojects.readonly","https://www.googleapis.com/auth/firebase","https://www.googleapis.com/auth/cloud-platform"]
[debug] [2017-09-05T10:36:34.887Z] > authorizing via signed-in user
[debug] [2017-09-05T10:36:34.887Z] >>> HTTP REQUEST GET https://admin.firebase.com/v1/projects/friendlychat-web-c0bfc  
 Tue Sep 05 2017 12:36:34 GMT+0200 (Środkowoeuropejski czas letni)
[debug] [2017-09-05T10:36:35.672Z] <<< HTTP RESPONSE 200
[debug] [2017-09-05T10:36:35.672Z] >>> HTTP REQUEST GET https://admin.firebase.com/v1/database/friendlychat-web-c0bfc/tokens  
 Tue Sep 05 2017 12:36:35 GMT+0200 (Środkowoeuropejski czas letni)
[debug] [2017-09-05T10:36:36.351Z] <<< HTTP RESPONSE 200
[info] 
[info] === Deploying to 'friendlychat-web-c0bfc'...
[info] 
[info] i  deploying functions
[debug] [2017-09-05T10:36:37.574Z] > [functions] package.json contents: {
  "name": "friendlychat-codelab",
  "description": "Firebase SDK for Cloud Functions codelab",
  "dependencies": {
    "firebase-admin": "^4.1.1",
    "firebase-functions": "^0.5.1"
  }
}
[info] i  functions: ensuring necessary APIs are enabled...
[info] i  runtimeconfig: ensuring necessary APIs are enabled...
[debug] [2017-09-05T10:36:37.574Z] >>> HTTP REQUEST GET https://servicemanagement.googleapis.com/v1/services/cloudfunctions.googleapis.com/projectSettings/friendlychat-web-c0bfc?view=CONSUMER_VIEW  
 Tue Sep 05 2017 12:36:37 GMT+0200 (Środkowoeuropejski czas letni)
[debug] [2017-09-05T10:36:37.574Z] >>> HTTP REQUEST GET https://servicemanagement.googleapis.com/v1/services/runtimeconfig.googleapis.com/projectSettings/friendlychat-web-c0bfc?view=CONSUMER_VIEW  
 Tue Sep 05 2017 12:36:37 GMT+0200 (Środkowoeuropejski czas letni)
[debug] [2017-09-05T10:36:38.822Z] <<< HTTP RESPONSE 200
[info] +  runtimeconfig: all necessary APIs are enabled
[debug] [2017-09-05T10:36:38.822Z] <<< HTTP RESPONSE 200
[info] +  functions: all necessary APIs are enabled
[debug] [2017-09-05T10:36:38.822Z] >>> HTTP REQUEST GET https://appengine.googleapis.com/v1/apps/friendlychat-web-c0bfc  
 Tue Sep 05 2017 12:36:38 GMT+0200 (Środkowoeuropejski czas letni)
[debug] [2017-09-05T10:36:38.822Z] >>> HTTP REQUEST GET https://apikeys.googleapis.com/v1/projects/friendlychat-web-c0bfc/apiKeys  
 Tue Sep 05 2017 12:36:38 GMT+0200 (Środkowoeuropejski czas letni)
[debug] [2017-09-05T10:36:39.676Z] <<< HTTP RESPONSE 200
[debug] [2017-09-05T10:36:39.776Z] <<< HTTP RESPONSE 200
[info] i  functions: preparing functions directory for uploading...
[debug] [2017-09-05T10:36:44.827Z] >>> HTTP REQUEST GET https://runtimeconfig.googleapis.com/v1beta1/projects/friendlychat-web-c0bfc/configs  
 Tue Sep 05 2017 12:36:44 GMT+0200 (Środkowoeuropejski czas letni)
[debug] [2017-09-05T10:36:45.195Z] <<< HTTP RESPONSE 200
[debug] [2017-09-05T10:36:45.480Z] TypeError: Cannot read property 'pipesCount' of undefined
    at module.exports.Readable.pipe (_stream_readable.js:545:16)
    at module.exports.ZipArchiveOutputStream._smartStream (C:\Users\qba\AppData\Roaming\npm\node_modules\firebase-tools\node_modules\compress-commons\lib\archivers\zip\zip-archive-output-stream.js:171:11)
    at module.exports.ZipArchiveOutputStream._appendStream (C:\Users\qba\AppData\Roaming\npm\node_modules\firebase-tools\node_modules\compress-commons\lib\archivers\zip\zip-archive-output-stream.js:94:20)
    at module.exports.ArchiveOutputStream.entry (C:\Users\qba\AppData\Roaming\npm\node_modules\firebase-tools\node_modules\compress-commons\lib\archivers\archive-output-stream.js:89:10)
    at module.exports.ZipStream.entry (C:\Users\qba\AppData\Roaming\npm\node_modules\firebase-tools\node_modules\zip-stream\lib\zip-stream.js:105:49)
    at module.exports.Zip.append (C:\Users\qba\AppData\Roaming\npm\node_modules\firebase-tools\node_modules\archiver\lib\plugins\zip.js:30:15)
    at module.exports.Archiver._moduleAppend (C:\Users\qba\AppData\Roaming\npm\node_modules\firebase-tools\node_modules\archiver\lib\core.js:123:16)
    at module.exports.Archiver._onQueueTask (C:\Users\qba\AppData\Roaming\npm\node_modules\firebase-tools\node_modules\archiver\lib\core.js:246:8)
    at C:\Users\qba\AppData\Roaming\npm\node_modules\firebase-tools\node_modules\archiver\node_modules\async\lib\async.js:945:13
    at Immediate.process [as _onImmediate] (C:\Users\qba\AppData\Roaming\npm\node_modules\firebase-tools\node_modules\archiver\node_modules\async\lib\async.js:913:25)
[error] 
[error] Error: An unexpected error has occurred.
