[debug] [2017-09-09T21:43:13.612Z] ----------------------------------------------------------------------
[debug] [2017-09-09T21:43:13.612Z] Command:       C:\Program Files\nodejs\node.exe C:\Users\qba\AppData\Roaming\npm\node_modules\firebase-tools\bin\firebase deploy
[debug] [2017-09-09T21:43:13.612Z] CLI Version:   3.10.1
[debug] [2017-09-09T21:43:13.612Z] Platform:      win32
[debug] [2017-09-09T21:43:13.612Z] Node Version:  v7.10.0
[debug] [2017-09-09T21:43:13.612Z] Time:          Sat Sep 09 2017 23:43:13 GMT+0200 (Środkowoeuropejski czas letni)
[debug] [2017-09-09T21:43:13.612Z] ----------------------------------------------------------------------
[debug] 
[debug] [2017-09-09T21:43:13.612Z] > command requires scopes: ["email","openid","https://www.googleapis.com/auth/cloudplatformprojects.readonly","https://www.googleapis.com/auth/firebase","https://www.googleapis.com/auth/cloud-platform"]
[debug] [2017-09-09T21:43:13.612Z] > authorizing via signed-in user
[debug] [2017-09-09T21:43:13.628Z] >>> HTTP REQUEST GET https://admin.firebase.com/v1/projects/friendlychat-web-c0bfc  
 Sat Sep 09 2017 23:43:13 GMT+0200 (Środkowoeuropejski czas letni)
[debug] [2017-09-09T21:43:14.513Z] <<< HTTP RESPONSE 200
[debug] [2017-09-09T21:43:14.513Z] >>> HTTP REQUEST GET https://admin.firebase.com/v1/database/friendlychat-web-c0bfc/tokens  
 Sat Sep 09 2017 23:43:14 GMT+0200 (Środkowoeuropejski czas letni)
[debug] [2017-09-09T21:43:15.303Z] <<< HTTP RESPONSE 200
[info] 
[info] === Deploying to 'friendlychat-web-c0bfc'...
[info] 
[info] i  deploying database, functions, hosting
[info] +  database: rules ready to deploy.
[debug] [2017-09-09T21:43:16.632Z] > [functions] package.json contents: {
  "name": "friendlychat",
  "description": "Firebase with Cloud Functions",
  "dependencies": {
    "firebase-admin": "^4.1.1",
    "firebase-functions": "^0.5.1"
  }
}
[info] i  functions: ensuring necessary APIs are enabled...
[debug] [2017-09-09T21:43:16.632Z] > refreshing access token with scopes: ["email","https://www.googleapis.com/auth/cloud-platform","https://www.googleapis.com/auth/cloudplatformprojects.readonly","https://www.googleapis.com/auth/firebase","openid"]
[debug] [2017-09-09T21:43:16.632Z] >>> HTTP REQUEST POST https://www.googleapis.com/oauth2/v3/token { refresh_token: '1/zazVbgbA7aZHAGjQKyIjMByP1t_srzCdht_-wRdmxL8',
  client_id: '563584335869-fgrhgmd47bqnekij5i8b5pr03ho849e6.apps.googleusercontent.com',
  client_secret: 'j9iVZfS8kkCEFUPaAeJV0sAi',
  grant_type: 'refresh_token',
  scope: 'email https://www.googleapis.com/auth/cloud-platform https://www.googleapis.com/auth/cloudplatformprojects.readonly https://www.googleapis.com/auth/firebase openid' } 
 Sat Sep 09 2017 23:43:16 GMT+0200 (Środkowoeuropejski czas letni)
[info] i  runtimeconfig: ensuring necessary APIs are enabled...
[debug] [2017-09-09T21:43:16.632Z] > refreshing access token with scopes: ["email","https://www.googleapis.com/auth/cloud-platform","https://www.googleapis.com/auth/cloudplatformprojects.readonly","https://www.googleapis.com/auth/firebase","openid"]
[debug] [2017-09-09T21:43:16.632Z] >>> HTTP REQUEST POST https://www.googleapis.com/oauth2/v3/token { refresh_token: '1/zazVbgbA7aZHAGjQKyIjMByP1t_srzCdht_-wRdmxL8',
  client_id: '563584335869-fgrhgmd47bqnekij5i8b5pr03ho849e6.apps.googleusercontent.com',
  client_secret: 'j9iVZfS8kkCEFUPaAeJV0sAi',
  grant_type: 'refresh_token',
  scope: 'email https://www.googleapis.com/auth/cloud-platform https://www.googleapis.com/auth/cloudplatformprojects.readonly https://www.googleapis.com/auth/firebase openid' } 
 Sat Sep 09 2017 23:43:16 GMT+0200 (Środkowoeuropejski czas letni)
[debug] [2017-09-09T21:43:16.786Z] <<< HTTP RESPONSE 200
[debug] [2017-09-09T21:43:16.806Z] >>> HTTP REQUEST GET https://servicemanagement.googleapis.com/v1/services/cloudfunctions.googleapis.com/projectSettings/friendlychat-web-c0bfc?view=CONSUMER_VIEW  
 Sat Sep 09 2017 23:43:16 GMT+0200 (Środkowoeuropejski czas letni)
[debug] [2017-09-09T21:43:16.810Z] <<< HTTP RESPONSE 200
[debug] [2017-09-09T21:43:16.822Z] >>> HTTP REQUEST GET https://servicemanagement.googleapis.com/v1/services/runtimeconfig.googleapis.com/projectSettings/friendlychat-web-c0bfc?view=CONSUMER_VIEW  
 Sat Sep 09 2017 23:43:16 GMT+0200 (Środkowoeuropejski czas letni)
[debug] [2017-09-09T21:43:17.995Z] <<< HTTP RESPONSE 200
[info] +  runtimeconfig: all necessary APIs are enabled
[debug] [2017-09-09T21:43:18.027Z] <<< HTTP RESPONSE 200
[info] +  functions: all necessary APIs are enabled
[debug] [2017-09-09T21:43:18.027Z] >>> HTTP REQUEST GET https://appengine.googleapis.com/v1/apps/friendlychat-web-c0bfc  
 Sat Sep 09 2017 23:43:18 GMT+0200 (Środkowoeuropejski czas letni)
[debug] [2017-09-09T21:43:18.027Z] >>> HTTP REQUEST GET https://apikeys.googleapis.com/v1/projects/friendlychat-web-c0bfc/apiKeys  
 Sat Sep 09 2017 23:43:18 GMT+0200 (Środkowoeuropejski czas letni)
[debug] [2017-09-09T21:43:18.371Z] <<< HTTP RESPONSE 200
[debug] [2017-09-09T21:43:19.120Z] <<< HTTP RESPONSE 200
[info] i  functions: preparing functions directory for uploading...
[debug] [2017-09-09T21:43:23.961Z] >>> HTTP REQUEST GET https://runtimeconfig.googleapis.com/v1beta1/projects/friendlychat-web-c0bfc/configs  
 Sat Sep 09 2017 23:43:23 GMT+0200 (Środkowoeuropejski czas letni)
[debug] [2017-09-09T21:43:25.061Z] <<< HTTP RESPONSE 200
[info] i  functions: packaged functions (7.25 KB) for uploading
[debug] [2017-09-09T21:43:27.369Z] >>> HTTP REQUEST GET https://www.googleapis.com/storage/v1/b/staging.friendlychat-web-c0bfc.appspot.com  
 Sat Sep 09 2017 23:43:27 GMT+0200 (Środkowoeuropejski czas letni)
[debug] [2017-09-09T21:43:27.600Z] <<< HTTP RESPONSE 200
[debug] [2017-09-09T21:43:27.600Z] >>> HTTP REQUEST POST https://www.googleapis.com/upload/storage/v1/b/staging.friendlychat-web-c0bfc.appspot.com/o?uploadType=media&name=firebase-functions-source ReadStream {
  _readableState: 
   ReadableState {
     objectMode: false,
     highWaterMark: 65536,
     buffer: BufferList { head: [Object], tail: [Object], length: 1 },
     length: 7424,
     pipes: null,
     pipesCount: 0,
     flowing: null,
     ended: true,
     endEmitted: false,
     reading: false,
     sync: false,
     needReadable: false,
     emittedReadable: true,
     readableListening: false,
     resumeScheduled: false,
     defaultEncoding: 'utf8',
     ranOut: false,
     awaitDrain: 0,
     readingMore: false,
     decoder: null,
     encoding: null },
  readable: true,
  domain: null,
  _events: { end: [Function] },
  _eventsCount: 1,
  _maxListeners: undefined,
  path: 'C:\\Users\\qba\\AppData\\Local\\Temp\\firebase-functions-240853voNG0ZcfSc.zip',
  fd: 5,
  flags: 'r',
  mode: 438,
  start: undefined,
  end: undefined,
  autoClose: true,
  pos: undefined,
  bytesRead: 7424 } 
 Sat Sep 09 2017 23:43:27 GMT+0200 (Środkowoeuropejski czas letni)
[debug] [2017-09-09T21:43:28.155Z] <<< HTTP RESPONSE 200
[info] +  functions: functions folder uploaded successfully
[info] i  hosting: preparing ./ directory for upload...
[debug] [2017-09-09T21:43:29.434Z] >>> HTTP REQUEST PUT https://deploy.firebase.com/v1/hosting/friendlychat-web-c0bfc/uploads/-KtcaC0Uh5ZaKK2p3okK?fileCount=3136&message=  
 Sat Sep 09 2017 23:43:29 GMT+0200 (Środkowoeuropejski czas letni)
